\BOOKMARK [0][-]{chapter*.1}{Copyright}{}% 1
\BOOKMARK [0][-]{chapter*.2}{List\040of\040Figures}{}% 2
\BOOKMARK [0][-]{chapter*.4}{List\040of\040Code\040Examples}{}% 3
\BOOKMARK [0][-]{chapter*.4}{List\040of\040Tables}{}% 4
\BOOKMARK [0][-]{chapter*.6}{About\040These\040Notes}{}% 5
\BOOKMARK [0][-]{chapter*.7}{Acknowledgments}{}% 6
\BOOKMARK [-1][-]{part.1}{I\040Problem\040Solving}{}% 7
\BOOKMARK [0][-]{chapter.1}{Course\040Introduction}{part.1}% 8
\BOOKMARK [1][-]{section.1.1}{Course\040Strategies}{chapter.1}% 9
\BOOKMARK [1][-]{section.1.2}{Daily\040Preview}{chapter.1}% 10
\BOOKMARK [1][-]{section.1.3}{Interview\040Questions}{chapter.1}% 11
\BOOKMARK [1][-]{section.1.4}{Logo\040Exercise}{chapter.1}% 12
\BOOKMARK [1][-]{section.1.5}{Homework}{chapter.1}% 13
\BOOKMARK [0][-]{chapter.2}{Talking\040Like\040a\040Programmer}{part.1}% 14
\BOOKMARK [1][-]{section.2.1}{Interview\040Question}{chapter.2}% 15
\BOOKMARK [1][-]{section.2.2}{Vocabulary}{chapter.2}% 16
\BOOKMARK [2][-]{subsection.2.2.1}{What\040Is\040a\040Computer\040Program?}{section.2.2}% 17
\BOOKMARK [2][-]{subsection.2.2.2}{What\040Is\040an\040Algorithm?}{section.2.2}% 18
\BOOKMARK [2][-]{subsection.2.2.3}{What's\040In\040a\040Computer?}{section.2.2}% 19
\BOOKMARK [2][-]{subsection.2.2.4}{Kinds\040of\040Programming\040Errors}{section.2.2}% 20
\BOOKMARK [2][-]{subsection.2.2.5}{How\040the\040Computer\040Reads\040Our\040Instructions}{section.2.2}% 21
\BOOKMARK [1][-]{section.2.3}{Three\040Fundamental\040Components\040of\040a\040Program}{chapter.2}% 22
\BOOKMARK [2][-]{subsection.2.3.1}{Sequential\040Statements}{section.2.3}% 23
\BOOKMARK [2][-]{subsection.2.3.2}{Selection\040Statements}{section.2.3}% 24
\BOOKMARK [2][-]{subsection.2.3.3}{Iteration\040Statements}{section.2.3}% 25
\BOOKMARK [1][-]{section.2.4}{Programming\040Ethics}{chapter.2}% 26
\BOOKMARK [2][-]{subsection.2.4.1}{General\040Principles}{section.2.4}% 27
\BOOKMARK [1][-]{section.2.5}{Writing\040and\040Following\040Directions\040Exercise}{chapter.2}% 28
\BOOKMARK [1][-]{section.2.6}{Homework}{chapter.2}% 29
\BOOKMARK [0][-]{chapter.3}{Matrix\040Logic}{part.1}% 30
\BOOKMARK [1][-]{section.3.1}{What\040Is\040Matrix\040Logic?}{chapter.3}% 31
\BOOKMARK [1][-]{section.3.2}{Example\040Matrix\040Problem}{chapter.3}% 32
\BOOKMARK [1][-]{section.3.3}{Matrix\040Logic\040Exercises\040and\040Homework}{chapter.3}% 33
\BOOKMARK [0][-]{chapter.4}{Systematic\040Lists}{part.1}% 34
\BOOKMARK [1][-]{section.4.1}{Interview\040Question}{chapter.4}% 35
\BOOKMARK [1][-]{section.4.2}{Systematic\040Lists}{chapter.4}% 36
\BOOKMARK [2][-]{subsection.4.2.1}{Why\040Use\040Systematic\040Lists?}{section.4.2}% 37
\BOOKMARK [2][-]{subsection.4.2.2}{How\040Do\040We\040Create\040a\040Systematic\040List?}{section.4.2}% 38
\BOOKMARK [2][-]{subsection.4.2.3}{Creating\040a\040Systematic\040List}{section.4.2}% 39
\BOOKMARK [1][-]{section.4.3}{Characteristics\040of\040a\040Systematic\040List}{chapter.4}% 40
\BOOKMARK [1][-]{section.4.4}{Creating\040Systematic\040Lists}{chapter.4}% 41
\BOOKMARK [0][-]{chapter.5}{Binary\040Numbers}{part.1}% 42
\BOOKMARK [1][-]{section.5.1}{Review\040Exercise}{chapter.5}% 43
\BOOKMARK [1][-]{section.5.2}{What\040Is\040a\040Number\040System?}{chapter.5}% 44
\BOOKMARK [1][-]{section.5.3}{Binary\040Numbers}{chapter.5}% 45
\BOOKMARK [0][-]{chapter.6}{Introduction\040to\040Conditionals}{part.1}% 46
\BOOKMARK [1][-]{section.6.1}{Decisions}{chapter.6}% 47
\BOOKMARK [1][-]{section.6.2}{Conditions\040and\040Boolean\040Values}{chapter.6}% 48
\BOOKMARK [0][-]{chapter.7}{Nested\040Conditionals\040and\040Complex\040Conditonals}{part.1}% 49
\BOOKMARK [1][-]{section.7.1}{Nested\040Conditionals}{chapter.7}% 50
\BOOKMARK [1][-]{section.7.2}{Complex\040Conditionals}{chapter.7}% 51
\BOOKMARK [2][-]{subsection.7.2.1}{Boolean\040Operators}{section.7.2}% 52
\BOOKMARK [1][-]{section.7.3}{Writing\040Conditional\040Statements}{chapter.7}% 53
\BOOKMARK [2][-]{subsection.7.3.1}{The\040Drinking\040Water\040Example}{section.7.3}% 54
\BOOKMARK [1][-]{section.7.4}{A\040Note\040About\040Grading}{chapter.7}% 55
\BOOKMARK [0][-]{chapter.8}{Debugging\040Conditionals}{part.1}% 56
\BOOKMARK [1][-]{section.8.1}{Debugging\040Conditionals}{chapter.8}% 57
\BOOKMARK [0][-]{chapter.9}{Exam\0401\040Review}{part.1}% 58
\BOOKMARK [0][-]{chapter.10}{Exam\0401}{part.1}% 59
\BOOKMARK [-1][-]{part.2}{II\040Programming\040in\040Python}{}% 60
\BOOKMARK [0][-]{chapter.11}{Introduction\040to\040Python}{part.2}% 61
\BOOKMARK [1][-]{section.11.1}{An\040Example\040Program}{chapter.11}% 62
\BOOKMARK [1][-]{section.11.2}{How\040to\040Write\040and\040Run\040the\040Hello\040World\040Program}{chapter.11}% 63
\BOOKMARK [1][-]{section.11.3}{Starting\040to\040Program\040in\040Python}{chapter.11}% 64
\BOOKMARK [0][-]{chapter.12}{Python\040Errors\040and\040zyLabs}{part.2}% 65
\BOOKMARK [1][-]{section.12.1}{Python\040Errors}{chapter.12}% 66
\BOOKMARK [2][-]{subsection.12.1.1}{Syntax\040Errors}{section.12.1}% 67
\BOOKMARK [2][-]{subsection.12.1.2}{Runtime\040Errors}{section.12.1}% 68
\BOOKMARK [2][-]{subsection.12.1.3}{Semantic\040Errors}{section.12.1}% 69
\BOOKMARK [1][-]{section.12.2}{zyLabs}{chapter.12}% 70
\BOOKMARK [0][-]{chapter.13}{Variables\040and\040Expressions}{part.2}% 71
\BOOKMARK [1][-]{section.13.1}{Variables}{chapter.13}% 72
\BOOKMARK [2][-]{subsection.13.1.1}{Assignment}{section.13.1}% 73
\BOOKMARK [2][-]{subsection.13.1.2}{A\040Variable\040Has\040One\040Value}{section.13.1}% 74
\BOOKMARK [2][-]{subsection.13.1.3}{Identifiers}{section.13.1}% 75
\BOOKMARK [1][-]{section.13.2}{Objects}{chapter.13}% 76
\BOOKMARK [1][-]{section.13.3}{Two\040Kinds\040of\040Numbers}{chapter.13}% 77
\BOOKMARK [1][-]{section.13.4}{Expressions}{chapter.13}% 78
\BOOKMARK [0][-]{chapter.14}{Modules}{part.2}% 79
\BOOKMARK [1][-]{section.14.1}{Where\040Your\040Files\040Go\040When\040You\040Save\040Them}{chapter.14}% 80
\BOOKMARK [2][-]{subsection.14.1.1}{The\040Department's\040Computers}{section.14.1}% 81
\BOOKMARK [2][-]{subsection.14.1.2}{Your\040Computer}{section.14.1}% 82
\BOOKMARK [1][-]{section.14.2}{Three\040Kinds\040of\040Python\040Programs}{chapter.14}% 83
\BOOKMARK [0][-]{chapter.15}{Strings\040and\040Numeric\040Types,\040and\040Writing\040a\040First\040Python\040Script}{part.2}% 84
\BOOKMARK [1][-]{section.15.1}{Strings}{chapter.15}% 85
\BOOKMARK [1][-]{section.15.2}{Numeric\040Types}{chapter.15}% 86
\BOOKMARK [1][-]{section.15.3}{Writing\040a\040Python\040Script}{chapter.15}% 87
\BOOKMARK [1][-]{section.15.4}{The\040Header}{chapter.15}% 88
\BOOKMARK [2][-]{subsection.15.4.1}{The\040Shebang}{section.15.4}% 89
\BOOKMARK [2][-]{subsection.15.4.2}{The\040Docstring}{section.15.4}% 90
\BOOKMARK [2][-]{subsection.15.4.3}{The\040Rest\040of\040the\040Header}{section.15.4}% 91
\BOOKMARK [0][-]{chapter.16}{Tracing\040a\040Python\040Program}{part.2}% 92
\BOOKMARK [1][-]{section.16.1}{Tracing\040a\040Python\040Program}{chapter.16}% 93
\BOOKMARK [0][-]{chapter.17}{The\040graphics.py\040Module}{part.2}% 94
\BOOKMARK [1][-]{section.17.1}{A\040Very\040Brief\040Introduction\040to\040Classes\040and\040Objects}{chapter.17}% 95
\BOOKMARK [2][-]{subsection.17.1.1}{Instantiating\040a\040Class\040With\040Additional\040Information}{section.17.1}% 96
\BOOKMARK [1][-]{section.17.2}{Modules\040Revisited}{chapter.17}% 97
\BOOKMARK [1][-]{section.17.3}{The\040graphics.py\040Module}{chapter.17}% 98
\BOOKMARK [0][-]{chapter.18}{When\040Graphics\040Goes\040Wrong!}{part.2}% 99
\BOOKMARK [1][-]{section.18.1}{When\040Graphics\040Goes\040Right}{chapter.18}% 100
\BOOKMARK [1][-]{section.18.2}{What\040Can\040Go\040Wrong?}{chapter.18}% 101
\BOOKMARK [2][-]{subsection.18.2.1}{User\040Input}{section.18.2}% 102
\BOOKMARK [0][-]{chapter.19}{Exam\0402\040Review}{part.2}% 103
\BOOKMARK [0][-]{chapter.20}{Exam\0402}{part.2}% 104
\BOOKMARK [-1][-]{part.3}{III\040Intermediate\040Python\040Programming}{}% 105
\BOOKMARK [0][-]{chapter.21}{Python\040Conditionals}{part.3}% 106
\BOOKMARK [1][-]{section.21.1}{Review:\040Conditional\040Statements}{chapter.21}% 107
\BOOKMARK [1][-]{section.21.2}{Python\040Conditionals}{chapter.21}% 108
\BOOKMARK [2][-]{subsection.21.2.1}{Write\040Real\040Statements}{section.21.2}% 109
\BOOKMARK [2][-]{subsection.21.2.2}{Indentation}{section.21.2}% 110
\BOOKMARK [0][-]{chapter.22}{Writing\040an\040Interactive\040Graphics\040Program}{part.3}% 111
\BOOKMARK [1][-]{section.22.1}{Today's\040Activity}{chapter.22}% 112
\BOOKMARK [0][-]{chapter.23}{Python\040Functions}{part.3}% 113
\BOOKMARK [1][-]{section.23.1}{What\040Is\040a\040Function?}{chapter.23}% 114
\BOOKMARK [2][-]{subsection.23.1.1}{What\040Do\040Functions\040Do?}{section.23.1}% 115
\BOOKMARK [1][-]{section.23.2}{What\040Makes\040a\040Function\040Run?}{chapter.23}% 116
\BOOKMARK [1][-]{section.23.3}{How\040Can\040We\040Tailor\040a\040Function\040to\040Our\040Needs?}{chapter.23}% 117
\BOOKMARK [0][-]{chapter.24}{Tracing\040Python\040Functions}{part.3}% 118
\BOOKMARK [0][-]{chapter.25}{Validating\040User\040Input}{part.3}% 119
\BOOKMARK [1][-]{section.25.1}{Introduction\040to\040Loops}{chapter.25}% 120
\BOOKMARK [1][-]{section.25.2}{Iteration}{chapter.25}% 121
\BOOKMARK [1][-]{section.25.3}{Syntax}{chapter.25}% 122
\BOOKMARK [0][-]{chapter.26}{Graphics\040Programming\040Activity}{part.3}% 123
\BOOKMARK [0][-]{chapter.27}{Finite\040Loops\040and\040Collections}{part.3}% 124
\BOOKMARK [0][-]{chapter.28}{Traffic\040Light\040Activity}{part.3}% 125
\BOOKMARK [0][-]{chapter.29}{Exam\0403\040Review}{part.3}% 126
\BOOKMARK [0][-]{chapter.30}{Exam\0403}{part.3}% 127
\BOOKMARK [0][-]{section*.11}{Appendices}{part.3}% 128
\BOOKMARK [0][-]{appendix.A}{IDLE}{part.3}% 129
\BOOKMARK [1][-]{section.A.1}{Using\040IDLE}{appendix.A}% 130
\BOOKMARK [2][-]{subsection.A.1.1}{Windows}{section.A.1}% 131
\BOOKMARK [2][-]{subsection.A.1.2}{Mac\040OS}{section.A.1}% 132
\BOOKMARK [2][-]{subsection.A.1.3}{Linux}{section.A.1}% 133
\BOOKMARK [0][-]{appendix.B}{Python\040Keywords}{part.3}% 134
\BOOKMARK [0][-]{table.B.1}{Index}{part.3}% 135
